   Compiling rust-procon v0.1.0 (file:///home/owner/repo/vain0-procon/rust)
    Finished debug [unoptimized + debuginfo] target(s) in 0.81 secs
     Running `target/debug/rust-procon`
{
    "dfs_tree": DfsTree {
        graph: Graph {
            ad: [
                [
                    Edge {
                        id: 0,
                        u: 0,
                        v: 1
                    }
                ],
                [
                    Edge {
                        id: 1,
                        u: 1,
                        v: 0
                    },
                    Edge {
                        id: 2,
                        u: 1,
                        v: 2
                    },
                    Edge {
                        id: 6,
                        u: 1,
                        v: 2
                    }
                ],
                [
                    Edge {
                        id: 3,
                        u: 2,
                        v: 1
                    },
                    Edge {
                        id: 4,
                        u: 2,
                        v: 3
                    },
                    Edge {
                        id: 7,
                        u: 2,
                        v: 1
                    }
                ],
                [
                    Edge {
                        id: 5,
                        u: 3,
                        v: 2
                    }
                ]
            ],
            edges: [
                Edge {
                    id: 0,
                    u: 0,
                    v: 1
                },
                Edge {
                    id: 1,
                    u: 1,
                    v: 0
                },
                Edge {
                    id: 2,
                    u: 1,
                    v: 2
                },
                Edge {
                    id: 3,
                    u: 2,
                    v: 1
                },
                Edge {
                    id: 4,
                    u: 2,
                    v: 3
                },
                Edge {
                    id: 5,
                    u: 3,
                    v: 2
                },
                Edge {
                    id: 6,
                    u: 1,
                    v: 2
                },
                Edge {
                    id: 7,
                    u: 2,
                    v: 1
                }
            ]
        },
        vertices: [
            DfsTreeVertex {
                parent_edge: Some(
                    0
                ),
                children: [
                    1
                ],
                ord: 0,
                done: true
            },
            DfsTreeVertex {
                parent_edge: Some(
                    6
                ),
                children: [
                    0,
                    2,
                    2
                ],
                ord: 1,
                done: true
            },
            DfsTreeVertex {
                parent_edge: Some(
                    7
                ),
                children: [
                    1,
                    3,
                    1
                ],
                ord: 2,
                done: true
            },
            DfsTreeVertex {
                parent_edge: Some(
                    5
                ),
                children: [
                    2
                ],
                ord: 3,
                done: true
            }
        ],
        edge_is_used: [
            true,
            true,
            true,
            true,
            true,
            true,
            true,
            true
        ],
        nextOrd: 4
    },
    "dp": [
        0,
        0,
        0,
        0,
        0,
        0,
        0,
        0
    ]
}
